<?xml version="1.0" encoding="UTF-8"?><testrun name="LoginRunner" project="Cucumber" tests="1" started="1" failures="0" errors="1" ignored="0">
  <testsuite name="runners.LoginRunner" time="39.962">
    <testsuite name="Codefios Other Add New Account validation" time="39.962">
      <testcase name="User should be able to loging succefully and add a new account" classname="Codefios Other Add New Account validation" time="39.962">
        <error>org.openqa.selenium.StaleElementReferenceException: stale element reference: stale element not found in the current frame
  (Session info: chrome=128.0.6613.85)
For documentation on this error, please visit: http://seleniumhq.org/exceptions/stale_element_reference.html
Build info: version: '3.14.0', revision: 'aacccce0', time: '2018-08-02T20:19:58.91Z'
System info: host: 'RANI', ip: '192.168.86.29', os.name: 'Windows 10', os.arch: 'amd64', os.version: '10.0', java.version: '17.0.1'
Driver info: org.openqa.selenium.chrome.ChromeDriver
Capabilities {acceptInsecureCerts: false, browserName: chrome, browserVersion: 128.0.6613.85, chrome: {chromedriverVersion: 128.0.6613.84 (606aa55c7d68..., userDataDir: C:\Users\gshin\AppData\Loca...}, fedcm:accounts: true, goog:chromeOptions: {debuggerAddress: localhost:51844}, javascriptEnabled: true, networkConnectionEnabled: false, pageLoadStrategy: normal, platform: WINDOWS, platformName: WINDOWS, proxy: Proxy(), setWindowRect: true, strictFileInteractability: false, timeouts: {implicit: 0, pageLoad: 300000, script: 30000}, unhandledPromptBehavior: dismiss and notify, webauthn:extension:credBlob: true, webauthn:extension:largeBlob: true, webauthn:extension:minPinLength: true, webauthn:extension:prf: true, webauthn:virtualAuthenticators: true}
Session ID: e60e571817e11cea8c6cc3fdabdb7058&#13;
	at java.base/jdk.internal.reflect.NativeConstructorAccessorImpl.newInstance0(Native Method)&#13;
	at java.base/jdk.internal.reflect.NativeConstructorAccessorImpl.newInstance(NativeConstructorAccessorImpl.java:77)&#13;
	at java.base/jdk.internal.reflect.DelegatingConstructorAccessorImpl.newInstance(DelegatingConstructorAccessorImpl.java:45)&#13;
	at java.base/java.lang.reflect.Constructor.newInstanceWithCaller(Constructor.java:499)&#13;
	at java.base/java.lang.reflect.Constructor.newInstance(Constructor.java:480)&#13;
	at org.openqa.selenium.remote.http.W3CHttpResponseCodec.createException(W3CHttpResponseCodec.java:187)&#13;
	at org.openqa.selenium.remote.http.W3CHttpResponseCodec.decode(W3CHttpResponseCodec.java:122)&#13;
	at org.openqa.selenium.remote.http.W3CHttpResponseCodec.decode(W3CHttpResponseCodec.java:49)&#13;
	at org.openqa.selenium.remote.HttpCommandExecutor.execute(HttpCommandExecutor.java:158)&#13;
	at org.openqa.selenium.remote.service.DriverCommandExecutor.execute(DriverCommandExecutor.java:83)&#13;
	at org.openqa.selenium.remote.RemoteWebDriver.execute(RemoteWebDriver.java:548)&#13;
	at org.openqa.selenium.remote.RemoteWebElement.execute(RemoteWebElement.java:276)&#13;
	at org.openqa.selenium.remote.RemoteWebElement.getText(RemoteWebElement.java:160)&#13;
	at pages.AddAccount.record_validation(AddAccount.java:100)&#13;
	at steps.AddAccountStepdefination.user_should_be_able_to_validate_account_created_successfully(AddAccountStepdefination.java:107)&#13;
	at âœ½.User should be able to validate account created successfully(file:///C:/Users/gshin/eclipse-workspace/Cucumber/Cucumber/src/test/resources/features/AddAccount.feature:20)&#13;
&#13;
</error>
      </testcase>
    </testsuite>
  </testsuite>
</testrun>
